# JRE version: Java(TM) SE Runtime Environment (8.0_211-b12) (build 1.8.0_211-b12)
# Java VM: Java HotSpot(TM) 64-Bit Server VM (25.211-b12 mixed mode windows-amd64 compressed oops)
Heap:
 PSYoungGen      total 1373184K, used 647267K [0x000000076af00000, 0x00000007c0000000, 0x00000007c0000000)
  eden space 1354240K, 46% used [0x000000076af00000,0x000000079149f330,0x00000007bd980000)
  from space 18944K, 99% used [0x00000007bd980000,0x00000007bebf9948,0x00000007bec00000)
  to   space 20480K, 0% used [0x00000007bec00000,0x00000007bec00000,0x00000007c0000000)
 ParOldGen       total 178176K, used 86770K [0x00000006c0c00000, 0x00000006cba00000, 0x000000076af00000)
  object space 178176K, 48% used [0x00000006c0c00000,0x00000006c60bcad0,0x00000006cba00000)
 Metaspace       used 49635K, capacity 51800K, committed 52480K, reserved 1093632K
  class space    used 6374K, capacity 7354K, committed 7424K, reserved 1048576K
GC Heap History (10 events):
Event: 4.044 GC heap before
{Heap before GC invocations=19 (full 2):
 PSYoungGen      total 1368064K, used 1349536K [0x000000076af00000, 0x00000007bfd80000, 0x00000007c0000000)
  eden space 1348096K, 100% used [0x000000076af00000,0x00000007bd380000,0x00000007bd380000)
  from space 19968K, 7% used [0x00000007bea00000,0x00000007beb68000,0x00000007bfd80000)
  to   space 21504K, 0% used [0x00000007bd380000,0x00000007bd380000,0x00000007be880000)
 ParOldGen       total 178176K, used 40497K [0x00000006c0c00000, 0x00000006cba00000, 0x000000076af00000)
  object space 178176K, 22% used [0x00000006c0c00000,0x00000006c338c4c8,0x00000006cba00000)
 Metaspace       used 35002K, capacity 37066K, committed 37248K, reserved 1081344K
  class space    used 4496K, capacity 5463K, committed 5504K, reserved 1048576K
Event: 4.053 GC heap after
Heap after GC invocations=19 (full 2):
 PSYoungGen      total 1369600K, used 7452K [0x000000076af00000, 0x00000007bff80000, 0x00000007c0000000)
  eden space 1348096K, 0% used [0x000000076af00000,0x000000076af00000,0x00000007bd380000)
  from space 21504K, 34% used [0x00000007bd380000,0x00000007bdac72f8,0x00000007be880000)
  to   space 20480K, 0% used [0x00000007beb80000,0x00000007beb80000,0x00000007bff80000)
 ParOldGen       total 178176K, used 41321K [0x00000006c0c00000, 0x00000006cba00000, 0x000000076af00000)
  object space 178176K, 23% used [0x00000006c0c00000,0x00000006c345a4c8,0x00000006cba00000)
 Metaspace       used 35002K, capacity 37066K, committed 37248K, reserved 1081344K
  class space    used 4496K, capacity 5463K, committed 5504K, reserved 1048576K
}
Event: 4.103 GC heap before
{Heap before GC invocations=20 (full 2):
 PSYoungGen      total 1369600K, used 1355548K [0x000000076af00000, 0x00000007bff80000, 0x00000007c0000000)
  eden space 1348096K, 100% used [0x000000076af00000,0x00000007bd380000,0x00000007bd380000)
  from space 21504K, 34% used [0x00000007bd380000,0x00000007bdac72f8,0x00000007be880000)
  to   space 20480K, 0% used [0x00000007beb80000,0x00000007beb80000,0x00000007bff80000)
 ParOldGen       total 178176K, used 41321K [0x00000006c0c00000, 0x00000006cba00000, 0x000000076af00000)
  object space 178176K, 23% used [0x00000006c0c00000,0x00000006c345a4c8,0x00000006cba00000)
 Metaspace       used 35010K, capacity 37066K, committed 37248K, reserved 1081344K
  class space    used 4496K, capacity 5463K, committed 5504K, reserved 1048576K
Event: 4.108 GC heap after
Heap after GC invocations=20 (full 2):
 PSYoungGen      total 1370624K, used 544K [0x000000076af00000, 0x00000007bfe00000, 0x00000007c0000000)
  eden space 1351680K, 0% used [0x000000076af00000,0x000000076af00000,0x00000007bd700000)
  from space 18944K, 2% used [0x00000007beb80000,0x00000007bec08000,0x00000007bfe00000)
  to   space 19968K, 0% used [0x00000007bd700000,0x00000007bd700000,0x00000007bea80000)
 ParOldGen       total 178176K, used 46911K [0x00000006c0c00000, 0x00000006cba00000, 0x000000076af00000)
  object space 178176K, 26% used [0x00000006c0c00000,0x00000006c39cfe20,0x00000006cba00000)
 Metaspace       used 35010K, capacity 37066K, committed 37248K, reserved 1081344K
  class space    used 4496K, capacity 5463K, committed 5504K, reserved 1048576K
}
Event: 4.139 GC heap before
{Heap before GC invocations=21 (full 2):
 PSYoungGen      total 1370624K, used 1352224K [0x000000076af00000, 0x00000007bfe00000, 0x00000007c0000000)
  eden space 1351680K, 100% used [0x000000076af00000,0x00000007bd700000,0x00000007bd700000)
  from space 18944K, 2% used [0x00000007beb80000,0x00000007bec08000,0x00000007bfe00000)
  to   space 19968K, 0% used [0x00000007bd700000,0x00000007bd700000,0x00000007bea80000)
 ParOldGen       total 178176K, used 46911K [0x00000006c0c00000, 0x00000006cba00000, 0x000000076af00000)
  object space 178176K, 26% used [0x00000006c0c00000,0x00000006c39cfe20,0x00000006cba00000)
 Metaspace       used 35019K, capacity 37066K, committed 37248K, reserved 1081344K
  class space    used 4496K, capacity 5463K, committed 5504K, reserved 1048576K
Event: 4.143 GC heap after
Heap after GC invocations=21 (full 2):
 PSYoungGen      total 1371648K, used 544K [0x000000076af00000, 0x00000007c0000000, 0x00000007c0000000)
  eden space 1351680K, 0% used [0x000000076af00000,0x000000076af00000,0x00000007bd700000)
  from space 19968K, 2% used [0x00000007bd700000,0x00000007bd788000,0x00000007bea80000)
  to   space 19456K, 0% used [0x00000007bed00000,0x00000007bed00000,0x00000007c0000000)
 ParOldGen       total 178176K, used 46959K [0x00000006c0c00000, 0x00000006cba00000, 0x000000076af00000)
  object space 178176K, 26% used [0x00000006c0c00000,0x00000006c39dbe20,0x00000006cba00000)
 Metaspace       used 35019K, capacity 37066K, committed 37248K, reserved 1081344K
  class space    used 4496K, capacity 5463K, committed 5504K, reserved 1048576K
}
Event: 4.178 GC heap before
{Heap before GC invocations=22 (full 2):
 PSYoungGen      total 1371648K, used 1352224K [0x000000076af00000, 0x00000007c0000000, 0x00000007c0000000)
  eden space 1351680K, 100% used [0x000000076af00000,0x00000007bd700000,0x00000007bd700000)
  from space 19968K, 2% used [0x00000007bd700000,0x00000007bd788000,0x00000007bea80000)
  to   space 19456K, 0% used [0x00000007bed00000,0x00000007bed00000,0x00000007c0000000)
 ParOldGen       total 178176K, used 46959K [0x00000006c0c00000, 0x00000006cba00000, 0x000000076af00000)
  object space 178176K, 26% used [0x00000006c0c00000,0x00000006c39dbe20,0x00000006cba00000)
 Metaspace       used 35019K, capacity 37066K, committed 37248K, reserved 1081344K
  class space    used 4496K, capacity 5463K, committed 5504K, reserved 1048576K
Event: 4.184 GC heap after
Heap after GC invocations=22 (full 2):
 PSYoungGen      total 1372160K, used 416K [0x000000076af00000, 0x00000007bfe80000, 0x00000007c0000000)
  eden space 1354240K, 0% used [0x000000076af00000,0x000000076af00000,0x00000007bd980000)
  from space 17920K, 2% used [0x00000007bed00000,0x00000007bed68000,0x00000007bfe80000)
  to   space 18944K, 0% used [0x00000007bd980000,0x00000007bd980000,0x00000007bec00000)
 ParOldGen       total 178176K, used 46975K [0x00000006c0c00000, 0x00000006cba00000, 0x000000076af00000)
  object space 178176K, 26% used [0x00000006c0c00000,0x00000006c39dfe20,0x00000006cba00000)
 Metaspace       used 35019K, capacity 37066K, committed 37248K, reserved 1081344K
  class space    used 4496K, capacity 5463K, committed 5504K, reserved 1048576K
}
Event: 5.845 GC heap before
{Heap before GC invocations=23 (full 2):
 PSYoungGen      total 1372160K, used 1354656K [0x000000076af00000, 0x00000007bfe80000, 0x00000007c0000000)
  eden space 1354240K, 100% used [0x000000076af00000,0x00000007bd980000,0x00000007bd980000)
  from space 17920K, 2% used [0x00000007bed00000,0x00000007bed68000,0x00000007bfe80000)
  to   space 18944K, 0% used [0x00000007bd980000,0x00000007bd980000,0x00000007bec00000)
 ParOldGen       total 178176K, used 46975K [0x00000006c0c00000, 0x00000006cba00000, 0x000000076af00000)
  object space 178176K, 26% used [0x00000006c0c00000,0x00000006c39dfe20,0x00000006cba00000)
 Metaspace       used 44833K, capacity 46884K, committed 47360K, reserved 1089536K
  class space    used 5887K, capacity 6822K, committed 6912K, reserved 1048576K
Event: 5.873 GC heap after
Heap after GC invocations=23 (full 2):
 PSYoungGen      total 1373184K, used 18918K [0x000000076af00000, 0x00000007c0000000, 0x00000007c0000000)
  eden space 1354240K, 0% used [0x000000076af00000,0x000000076af00000,0x00000007bd980000)
  from space 18944K, 99% used [0x00000007bd980000,0x00000007bebf9948,0x00000007bec00000)
  to   space 20480K, 0% used [0x00000007bec00000,0x00000007bec00000,0x00000007c0000000)
 ParOldGen       total 178176K, used 86770K [0x00000006c0c00000, 0x00000006cba00000, 0x000000076af00000)
  object space 178176K, 48% used [0x00000006c0c00000,0x00000006c60bcad0,0x00000006cba00000)
 Metaspace       used 44833K, capacity 46884K, committed 47360K, reserved 1089536K
  class space    used 5887K, capacity 6822K, committed 6912K, reserved 1048576K
}

